<?xml version="1.0" encoding="UTF-8"?><testrun name="ProductControllerTests" project="finalProject" tests="1" started="1" failures="0" errors="1" ignored="0">
  <testsuite name="org.used.controller.ProductControllerTests" time="0.298">
    <testcase name="testRegister" classname="org.used.controller.ProductControllerTests" time="0.298">
      <error>org.springframework.web.util.NestedServletException: Request processing failed; nested exception is org.springframework.dao.DataIntegrityViolationException: &#13;
### Error updating database.  Cause: java.sql.SQLIntegrityConstraintViolationException: ORA-02291: integrity constraint (MIDDLE_PROJECT.FK_CATEGORY_PRODUCT) violated - parent key not found
&#13;
### The error may exist in org/used/mapper/ProductMapper.xml&#13;
### The error may involve defaultParameterMap&#13;
### The error occurred while setting parameters&#13;
### SQL: insert into product (   PRODUCT_ID,   USER_ID,   CATEGORY_ID,   PRODUCT_NAME,   TITLE,   PRODUCT_INFO,   PRICE,   CREATE_DATE   )   values (   ?,   ?,   ?,   ?,   ?,   ?,   ?,   sysdate   )&#13;
### Cause: java.sql.SQLIntegrityConstraintViolationException: ORA-02291: integrity constraint (MIDDLE_PROJECT.FK_CATEGORY_PRODUCT) violated - parent key not found

; ]; ORA-02291: integrity constraint (MIDDLE_PROJECT.FK_CATEGORY_PRODUCT) violated - parent key not found
; nested exception is java.sql.SQLIntegrityConstraintViolationException: ORA-02291: integrity constraint (MIDDLE_PROJECT.FK_CATEGORY_PRODUCT) violated - parent key not found
&#13;
	at org.springframework.web.servlet.FrameworkServlet.processRequest(FrameworkServlet.java:982)&#13;
	at org.springframework.web.servlet.FrameworkServlet.doPost(FrameworkServlet.java:877)&#13;
	at javax.servlet.http.HttpServlet.service(HttpServlet.java:660)&#13;
	at org.springframework.web.servlet.FrameworkServlet.service(FrameworkServlet.java:851)&#13;
	at org.springframework.test.web.servlet.TestDispatcherServlet.service(TestDispatcherServlet.java:71)&#13;
	at javax.servlet.http.HttpServlet.service(HttpServlet.java:741)&#13;
	at org.springframework.mock.web.MockFilterChain$ServletFilterProxy.doFilter(MockFilterChain.java:166)&#13;
	at org.springframework.mock.web.MockFilterChain.doFilter(MockFilterChain.java:133)&#13;
	at org.springframework.test.web.servlet.MockMvc.perform(MockMvc.java:165)&#13;
	at org.used.controller.ProductControllerTests.testRegister(ProductControllerTests.java:48)&#13;
	at sun.reflect.NativeMethodAccessorImpl.invoke0(Native Method)&#13;
	at sun.reflect.NativeMethodAccessorImpl.invoke(Unknown Source)&#13;
	at sun.reflect.DelegatingMethodAccessorImpl.invoke(Unknown Source)&#13;
	at java.lang.reflect.Method.invoke(Unknown Source)&#13;
	at org.junit.runners.model.FrameworkMethod$1.runReflectiveCall(FrameworkMethod.java:50)&#13;
	at org.junit.internal.runners.model.ReflectiveCallable.run(ReflectiveCallable.java:12)&#13;
	at org.junit.runners.model.FrameworkMethod.invokeExplosively(FrameworkMethod.java:47)&#13;
	at org.junit.internal.runners.statements.InvokeMethod.evaluate(InvokeMethod.java:17)&#13;
	at org.springframework.test.context.junit4.statements.RunBeforeTestExecutionCallbacks.evaluate(RunBeforeTestExecutionCallbacks.java:73)&#13;
	at org.springframework.test.context.junit4.statements.RunAfterTestExecutionCallbacks.evaluate(RunAfterTestExecutionCallbacks.java:83)&#13;
	at org.junit.internal.runners.statements.RunBefores.evaluate(RunBefores.java:26)&#13;
	at org.springframework.test.context.junit4.statements.RunBeforeTestMethodCallbacks.evaluate(RunBeforeTestMethodCallbacks.java:75)&#13;
	at org.springframework.test.context.junit4.statements.RunAfterTestMethodCallbacks.evaluate(RunAfterTestMethodCallbacks.java:86)&#13;
	at org.springframework.test.context.junit4.statements.SpringRepeat.evaluate(SpringRepeat.java:84)&#13;
	at org.junit.runners.ParentRunner.runLeaf(ParentRunner.java:325)&#13;
	at org.springframework.test.context.junit4.SpringJUnit4ClassRunner.runChild(SpringJUnit4ClassRunner.java:251)&#13;
	at org.springframework.test.context.junit4.SpringJUnit4ClassRunner.runChild(SpringJUnit4ClassRunner.java:97)&#13;
	at org.junit.runners.ParentRunner$3.run(ParentRunner.java:290)&#13;
	at org.junit.runners.ParentRunner$1.schedule(ParentRunner.java:71)&#13;
	at org.junit.runners.ParentRunner.runChildren(ParentRunner.java:288)&#13;
	at org.junit.runners.ParentRunner.access$000(ParentRunner.java:58)&#13;
	at org.junit.runners.ParentRunner$2.evaluate(ParentRunner.java:268)&#13;
	at org.springframework.test.context.junit4.statements.RunBeforeTestClassCallbacks.evaluate(RunBeforeTestClassCallbacks.java:61)&#13;
	at org.springframework.test.context.junit4.statements.RunAfterTestClassCallbacks.evaluate(RunAfterTestClassCallbacks.java:70)&#13;
	at org.junit.runners.ParentRunner.run(ParentRunner.java:363)&#13;
	at org.springframework.test.context.junit4.SpringJUnit4ClassRunner.run(SpringJUnit4ClassRunner.java:190)&#13;
	at org.eclipse.jdt.internal.junit4.runner.JUnit4TestReference.run(JUnit4TestReference.java:86)&#13;
	at org.eclipse.jdt.internal.junit.runner.TestExecution.run(TestExecution.java:38)&#13;
	at org.eclipse.jdt.internal.junit.runner.RemoteTestRunner.runTests(RemoteTestRunner.java:459)&#13;
	at org.eclipse.jdt.internal.junit.runner.RemoteTestRunner.runTests(RemoteTestRunner.java:678)&#13;
	at org.eclipse.jdt.internal.junit.runner.RemoteTestRunner.run(RemoteTestRunner.java:382)&#13;
	at org.eclipse.jdt.internal.junit.runner.RemoteTestRunner.main(RemoteTestRunner.java:192)&#13;
Caused by: org.springframework.dao.DataIntegrityViolationException: &#13;
### Error updating database.  Cause: java.sql.SQLIntegrityConstraintViolationException: ORA-02291: integrity constraint (MIDDLE_PROJECT.FK_CATEGORY_PRODUCT) violated - parent key not found
&#13;
### The error may exist in org/used/mapper/ProductMapper.xml&#13;
### The error may involve defaultParameterMap&#13;
### The error occurred while setting parameters&#13;
### SQL: insert into product (   PRODUCT_ID,   USER_ID,   CATEGORY_ID,   PRODUCT_NAME,   TITLE,   PRODUCT_INFO,   PRICE,   CREATE_DATE   )   values (   ?,   ?,   ?,   ?,   ?,   ?,   ?,   sysdate   )&#13;
### Cause: java.sql.SQLIntegrityConstraintViolationException: ORA-02291: integrity constraint (MIDDLE_PROJECT.FK_CATEGORY_PRODUCT) violated - parent key not found

; ]; ORA-02291: integrity constraint (MIDDLE_PROJECT.FK_CATEGORY_PRODUCT) violated - parent key not found
; nested exception is java.sql.SQLIntegrityConstraintViolationException: ORA-02291: integrity constraint (MIDDLE_PROJECT.FK_CATEGORY_PRODUCT) violated - parent key not found
&#13;
	at org.springframework.jdbc.support.SQLErrorCodeSQLExceptionTranslator.doTranslate(SQLErrorCodeSQLExceptionTranslator.java:246)&#13;
	at org.springframework.jdbc.support.AbstractFallbackSQLExceptionTranslator.translate(AbstractFallbackSQLExceptionTranslator.java:72)&#13;
	at org.mybatis.spring.MyBatisExceptionTranslator.translateExceptionIfPossible(MyBatisExceptionTranslator.java:73)&#13;
	at org.mybatis.spring.SqlSessionTemplate$SqlSessionInterceptor.invoke(SqlSessionTemplate.java:446)&#13;
	at com.sun.proxy.$Proxy26.insert(Unknown Source)&#13;
	at org.mybatis.spring.SqlSessionTemplate.insert(SqlSessionTemplate.java:278)&#13;
	at org.apache.ibatis.binding.MapperMethod.execute(MapperMethod.java:51)&#13;
	at org.apache.ibatis.binding.MapperProxy.invoke(MapperProxy.java:52)&#13;
	at com.sun.proxy.$Proxy27.insertSelectKey(Unknown Source)&#13;
	at org.used.service.ProductServiceImpl.register(ProductServiceImpl.java:23)&#13;
	at org.used.controller.ProductController.register(ProductController.java:41)&#13;
	at sun.reflect.NativeMethodAccessorImpl.invoke0(Native Method)&#13;
	at sun.reflect.NativeMethodAccessorImpl.invoke(Unknown Source)&#13;
	at sun.reflect.DelegatingMethodAccessorImpl.invoke(Unknown Source)&#13;
	at java.lang.reflect.Method.invoke(Unknown Source)&#13;
	at org.springframework.web.method.support.InvocableHandlerMethod.doInvoke(InvocableHandlerMethod.java:209)&#13;
	at org.springframework.web.method.support.InvocableHandlerMethod.invokeForRequest(InvocableHandlerMethod.java:136)&#13;
	at org.springframework.web.servlet.mvc.method.annotation.ServletInvocableHandlerMethod.invokeAndHandle(ServletInvocableHandlerMethod.java:102)&#13;
	at org.springframework.web.servlet.mvc.method.annotation.RequestMappingHandlerAdapter.invokeHandlerMethod(RequestMappingHandlerAdapter.java:877)&#13;
	at org.springframework.web.servlet.mvc.method.annotation.RequestMappingHandlerAdapter.handleInternal(RequestMappingHandlerAdapter.java:783)&#13;
	at org.springframework.web.servlet.mvc.method.AbstractHandlerMethodAdapter.handle(AbstractHandlerMethodAdapter.java:87)&#13;
	at org.springframework.web.servlet.DispatcherServlet.doDispatch(DispatcherServlet.java:991)&#13;
	at org.springframework.web.servlet.DispatcherServlet.doService(DispatcherServlet.java:925)&#13;
	at org.springframework.web.servlet.FrameworkServlet.processRequest(FrameworkServlet.java:974)&#13;
	... 41 more&#13;
Caused by: java.sql.SQLIntegrityConstraintViolationException: ORA-02291: integrity constraint (MIDDLE_PROJECT.FK_CATEGORY_PRODUCT) violated - parent key not found
&#13;
	at oracle.jdbc.driver.T4CTTIoer.processError(T4CTTIoer.java:440)&#13;
	at oracle.jdbc.driver.T4CTTIoer.processError(T4CTTIoer.java:396)&#13;
	at oracle.jdbc.driver.T4C8Oall.processError(T4C8Oall.java:837)&#13;
	at oracle.jdbc.driver.T4CTTIfun.receive(T4CTTIfun.java:445)&#13;
	at oracle.jdbc.driver.T4CTTIfun.doRPC(T4CTTIfun.java:191)&#13;
	at oracle.jdbc.driver.T4C8Oall.doOALL(T4C8Oall.java:523)&#13;
	at oracle.jdbc.driver.T4CPreparedStatement.doOall8(T4CPreparedStatement.java:207)&#13;
	at oracle.jdbc.driver.T4CPreparedStatement.executeForRows(T4CPreparedStatement.java:1010)&#13;
	at oracle.jdbc.driver.OracleStatement.doExecuteWithTimeout(OracleStatement.java:1315)&#13;
	at oracle.jdbc.driver.OraclePreparedStatement.executeInternal(OraclePreparedStatement.java:3576)&#13;
	at oracle.jdbc.driver.OraclePreparedStatement.execute(OraclePreparedStatement.java:3677)&#13;
	at oracle.jdbc.driver.OraclePreparedStatementWrapper.execute(OraclePreparedStatementWrapper.java:1374)&#13;
	at net.sf.log4jdbc.sql.jdbcapi.PreparedStatementSpy.execute(PreparedStatementSpy.java:443)&#13;
	at com.zaxxer.hikari.pool.ProxyPreparedStatement.execute(ProxyPreparedStatement.java:44)&#13;
	at com.zaxxer.hikari.pool.HikariProxyPreparedStatement.execute(HikariProxyPreparedStatement.java)&#13;
	at org.apache.ibatis.executor.statement.PreparedStatementHandler.update(PreparedStatementHandler.java:44)&#13;
	at org.apache.ibatis.executor.statement.RoutingStatementHandler.update(RoutingStatementHandler.java:69)&#13;
	at org.apache.ibatis.executor.SimpleExecutor.doUpdate(SimpleExecutor.java:48)&#13;
	at org.apache.ibatis.executor.BaseExecutor.update(BaseExecutor.java:105)&#13;
	at org.apache.ibatis.executor.CachingExecutor.update(CachingExecutor.java:71)&#13;
	at org.apache.ibatis.session.defaults.DefaultSqlSession.update(DefaultSqlSession.java:152)&#13;
	at org.apache.ibatis.session.defaults.DefaultSqlSession.insert(DefaultSqlSession.java:141)&#13;
	at sun.reflect.NativeMethodAccessorImpl.invoke0(Native Method)&#13;
	at sun.reflect.NativeMethodAccessorImpl.invoke(Unknown Source)&#13;
	at sun.reflect.DelegatingMethodAccessorImpl.invoke(Unknown Source)&#13;
	at java.lang.reflect.Method.invoke(Unknown Source)&#13;
	at org.mybatis.spring.SqlSessionTemplate$SqlSessionInterceptor.invoke(SqlSessionTemplate.java:433)&#13;
	... 61 more&#13;
&#13;
</error>
    </testcase>
  </testsuite>
</testrun>
